WARNING:root:  rangeA1 register: Default 0xFF, read 0x0
WARNING:root:  rangeA1 register: Default 0xFF, read 0x0
WARNING:root:  rangeA1 register: Default 0xFF, read 0x0
WARNING:root:  rangeA1 register: Default 0xFF, read 0x0
WARNING:root:  rangeA1 register: Default 0xFF, read 0x0
WARNING:root:  rangeA1 register: Default 0xFF, read 0x0
WARNING:root:  rangeA1 register: Default 0xFF, read 0x0
WARNING:root:  rangeA1 register: Default 0xFF, read 0x0
WARNING:root:  rangeA1 register: Default 0xFF, read 0x0
WARNING:root:  rangeA1 register: Default 0xFF, read 0x0
WARNING:root:  rangeA1 register: Default 0xFF, read 0x0
WARNING:root:  rangeA1 register: Default 0xFF, read 0x0
WARNING:root:  rangeA1 register: Default 0xFF, read 0x0
WARNING:root:  rangeA1 register: Default 0xFF, read 0x0
WARNING:root:  rangeA1 register: Default 0xFF, read 0x0
WARNING:root:  rangeA1 register: Default 0xFF, read 0x0
WARNING:root:  rangeA1 register: Default 0xFF, read 0x0
WARNING:root:  rangeA1 register: Default 0xFF, read 0x0
WARNING:root:  rangeA1 register: Default 0xFF, read 0x0
WARNING:root:  rangeA1 register: Default 0xFF, read 0x0
WARNING:root:  rangeA1 register: Default 0xFF, read 0x0
WARNING:root:  rangeA1 register: Default 0xFF, read 0x0
WARNING:root:  rangeA1 register: Default 0xFF, read 0x0
WARNING:root:  rangeA1 register: Default 0xFF, read 0x0
WARNING:root:  rangeA1 register: Default 0xFF, read 0x0
WARNING:root:  rangeA1 register: Default 0xFF, read 0x0
WARNING:root:  rangeA1 register: Default 0xFF, read 0x0
WARNING:root:  rangeA1 register: Default 0xFF, read 0x0
WARNING:root:  rangeA1 register: Default 0xFF, read 0x5400
WARNING:root:  config register: Default 0x0, read 0x5555
INFO:root:     chan_sel register: Default 0x0, read 0x0
WARNING:root:  rangeA1 register: Default 0xFF, read 0x5421
WARNING:root:  rangeA2 register: Default 0xFF, read 0x5421
WARNING:root:  rangeB1 register: Default 0xFF, read 0x5555
WARNING:root:  rangeB2 register: Default 0xFF, read 0x5508
INFO:root:     seq0 register: Default 0x0, read 0x0
WARNING:root:  config register: Default 0x0, read 0x2a00
WARNING:root:  rangeA1 register: Default 0xFF, read 0x2aaa
WARNING:root:  rangeA1 register: Default 0xFF, read 0x2aaa
INFO:root:     config register: Default 0x0, read 0x0
INFO:root:     chan_sel register: Default 0x0, read 0x0
WARNING:root:  rangeA1 register: Default 0xFF, read 0x0
WARNING:root:  rangeA2 register: Default 0xFF, read 0x0
WARNING:root:  rangeB1 register: Default 0xFF, read 0x0
WARNING:root:  rangeB2 register: Default 0xFF, read 0x0
INFO:root:     seq0 register: Default 0x0, read 0x0
WARNING:root:  seq1 register: Default 0x11, read 0x0
INFO:root:     config register: Default 0x0, read 0x0
WARNING:root:  rangeA1 register: Default 0xFF, read 0x0
WARNING:root:  rangeA1 register: Default 0xFF, read 0x0
WARNING:root:  rangeA1 register: Default 0xFF, read 0x0
WARNING:root:  rangeA1 register: Default 0xFF, read 0x0
INFO:root:     config register: Default 0x0, read 0x0
WARNING:root:  devID register: Default 0x2, read 0x0
WARNING:root:  config register: Default 0x0, read 0x5555
WARNING:root:  devID register: Default 0x2, read 0x200
WARNING:root:  chan_sel register: Default 0x0, read 0x2aaa
WARNING:root:  rangeA1 register: Default 0xFF, read 0x2aaa
WARNING:root:  rangeA2 register: Default 0xFF, read 0x2aaa
WARNING:root:  rangeB1 register: Default 0xFF, read 0x2a10
WARNING:root:  rangeB2 register: Default 0xFF, read 0x2aaa
WARNING:root:  seq0 register: Default 0x0, read 0x4000
WARNING:root:  seq1 register: Default 0x11, read 0x410a
WARNING:root:  config register: Default 0x0, read 0x5500
WARNING:root:  rangeA1 register: Default 0xFF, read 0x2a00
WARNING:root:  rangeA1 register: Default 0xFF, read 0x2a00
WARNING:root:  rangeA1 register: Default 0xFF, read 0x2a00
WARNING:root:  rangeA1 register: Default 0xFF, read 0x2a00
WARNING:root:  rangeA1 register: Default 0xFF, read 0x2a00
WARNING:root:  rangeA1 register: Default 0xFF, read 0x2a00
WARNING:root:  rangeA1 register: Default 0xFF, read 0x2a00
WARNING:root:  rangeA1 register: Default 0xFF, read 0x2a00
WARNING:root:  rangeA1 register: Default 0xFF, read 0x2a00
WARNING:root:  rangeA1 register: Default 0xFF, read 0x2a00
WARNING:root:  rangeA1 register: Default 0xFF, read 0x2a00
WARNING:root:  rangeA1 register: Default 0xFF, read 0x2a00
WARNING:root:  rangeA1 register: Default 0xFF, read 0x2a00
WARNING:root:  rangeA1 register: Default 0xFF, read 0x2a00
WARNING:root:  rangeA1 register: Default 0xFF, read 0x2a00
WARNING:root:  rangeA1 register: Default 0xFF, read 0x2a00
WARNING:root:  rangeA1 register: Default 0xFF, read 0x2a00
WARNING:root:  rangeA1 register: Default 0xFF, read 0x2a00
WARNING:root:  rangeA1 register: Default 0xFF, read 0x2a00
WARNING:root:  rangeA1 register: Default 0xFF, read 0x2a00
WARNING:root:  rangeA1 register: Default 0xFF, read 0x2a00
WARNING:root:  rangeA1 register: Default 0xFF, read 0x2a00
WARNING:root:  rangeA1 register: Default 0xFF, read 0x2a00
WARNING:root:  rangeA1 register: Default 0xFF, read 0x2a00
WARNING:root:  rangeA1 register: Default 0xFF, read 0x2a00
WARNING:root:  rangeA1 register: Default 0xFF, read 0x2a00
WARNING:root:  rangeA1 register: Default 0xFF, read 0x2a00
WARNING:root:  rangeA1 register: Default 0xFF, read 0x2a00
WARNING:root:  rangeA1 register: Default 0xFF, read 0x2a00
WARNING:root:  rangeA1 register: Default 0xFF, read 0x2a00
INFO:root:     config register: Default 0x0, read 0x0
WARNING:root:  devID register: Default 0x2, read 0x0
INFO:root:     chan_sel register: Default 0x0, read 0x0
WARNING:root:  rangeA1 register: Default 0xFF, read 0x0
WARNING:root:  rangeA2 register: Default 0xFF, read 0x0
WARNING:root:  rangeB1 register: Default 0xFF, read 0x0
WARNING:root:  rangeB2 register: Default 0xFF, read 0x0
INFO:root:     seq0 register: Default 0x0, read 0x0
WARNING:root:  seq1 register: Default 0x11, read 0x0
INFO:root:     config register: Default 0x0, read 0x0
WARNING:root:  rangeA1 register: Default 0xFF, read 0x0
WARNING:root:  rangeA1 register: Default 0xFF, read 0x0
WARNING:root:  rangeA1 register: Default 0xFF, read 0x0
WARNING:root:  rangeA1 register: Default 0xFF, read 0x0
WARNING:root:  rangeA1 register: Default 0xFF, read 0x0
WARNING:root:  rangeA1 register: Default 0xFF, read 0x0
WARNING:root:  rangeA1 register: Default 0xFF, read 0x0
WARNING:root:  rangeA1 register: Default 0xFF, read 0x0
WARNING:root:  rangeA1 register: Default 0xFF, read 0x0
WARNING:root:  rangeA1 register: Default 0xFF, read 0x0
WARNING:root:  rangeA1 register: Default 0xFF, read 0x0
WARNING:root:  rangeA1 register: Default 0xFF, read 0x0
WARNING:root:  rangeA1 register: Default 0xFF, read 0x0
WARNING:root:  rangeA1 register: Default 0xFF, read 0x0
WARNING:root:  rangeA1 register: Default 0xFF, read 0x0
WARNING:root:  rangeA1 register: Default 0xFF, read 0x0
WARNING:root:  rangeA1 register: Default 0xFF, read 0x0
WARNING:root:  rangeA1 register: Default 0xFF, read 0x0
WARNING:root:  rangeA1 register: Default 0xFF, read 0x0
WARNING:root:  rangeA1 register: Default 0xFF, read 0x0
INFO:root:     config register: Default 0x0, read 0x0
INFO:root:     config register: Default 0x0, read 0x0
INFO:root:     config register: Default 0x0, read 0x0
WARNING:root:  config register: Default 0x0, read 0x5555
WARNING:root:  chan_sel register: Default 0x0, read 0x30a
WARNING:root:  rangeA1 register: Default 0xFF, read 0x2aaa
WARNING:root:  rangeA2 register: Default 0xFF, read 0x2aaa
WARNING:root:  rangeB1 register: Default 0xFF, read 0x2a10
WARNING:root:  rangeB2 register: Default 0xFF, read 0x0
WARNING:root:  seq0 register: Default 0x0, read 0x4100
WARNING:root:  seq1 register: Default 0x11, read 0x410a
WARNING:root:  config register: Default 0x0, read 0x5550
WARNING:root:  chan_sel register: Default 0x0, read 0x2aaa
WARNING:root:  rangeA1 register: Default 0xFF, read 0x2aaa
WARNING:root:  rangeA2 register: Default 0xFF, read 0x2aaa
WARNING:root:  rangeB1 register: Default 0xFF, read 0x2a00
WARNING:root:  rangeB2 register: Default 0xFF, read 0x0
INFO:root:     seq0 register: Default 0x0, read 0x0
WARNING:root:  seq1 register: Default 0x11, read 0x410a
WARNING:root:  config register: Default 0x0, read 0x2a10
WARNING:root:  devID register: Default 0x2, read 0x2aaa
WARNING:root:  config register: Default 0x0, read 0x5555
WARNING:root:  devID register: Default 0x2, read 0x2080
WARNING:root:  devID register: Default 0x2, read 0x2000
WARNING:root:  devID register: Default 0x2, read 0x0
WARNING:root:  config register: Default 0x0, read 0x5555
WARNING:root:  seq2 register: Default 0x22, read 0x200
INFO:root:     chan_sel register: Default 0x0, read 0x0
WARNING:root:  rangeA1 register: Default 0xFF, read 0x0
WARNING:root:  rangeA2 register: Default 0xFF, read 0x0
WARNING:root:  rangeB1 register: Default 0xFF, read 0x50
WARNING:root:  rangeB2 register: Default 0xFF, read 0x10
INFO:root:     seq0 register: Default 0x0, read 0x0
WARNING:root:  seq1 register: Default 0x11, read 0x8
WARNING:root:  config register: Default 0x0, read 0x10
WARNING:root:  rangeA1 register: Default 0xFF, read 0x0
WARNING:root:  rangeA1 register: Default 0xFF, read 0x0
WARNING:root:  rangeA1 register: Default 0xFF, read 0x0
WARNING:root:  rangeA1 register: Default 0xFF, read 0x0
WARNING:root:  rangeA1 register: Default 0xFF, read 0x0
WARNING:root:  rangeA1 register: Default 0xFF, read 0x0
WARNING:root:  rangeA1 register: Default 0xFF, read 0x0
WARNING:root:  rangeA1 register: Default 0xFF, read 0x0
WARNING:root:  rangeA1 register: Default 0xFF, read 0x0
WARNING:root:  rangeA1 register: Default 0xFF, read 0x0
WARNING:root:  rangeA1 register: Default 0xFF, read 0x0
WARNING:root:  rangeA1 register: Default 0xFF, read 0x0
WARNING:root:  rangeA1 register: Default 0xFF, read 0x0
WARNING:root:  seq2 register: Default 0x22, read 0x200
INFO:root:     chan_sel register: Default 0x0, read 0x0
WARNING:root:  rangeA1 register: Default 0xFF, read 0x0
WARNING:root:  rangeA2 register: Default 0xFF, read 0x0
WARNING:root:  rangeB1 register: Default 0xFF, read 0x50
WARNING:root:  rangeB2 register: Default 0xFF, read 0x10
INFO:root:     seq0 register: Default 0x0, read 0x0
WARNING:root:  seq1 register: Default 0x11, read 0x8
WARNING:root:  config register: Default 0x0, read 0x10
WARNING:root:  seq2 register: Default 0x22, read 0x4055
WARNING:root:  rangeA1 register: Default 0xFF, read 0x0
WARNING:root:  chan_sel register: Default 0x0, read 0x5501
WARNING:root:  rangeA1 register: Default 0xFF, read 0x0
WARNING:root:  rangeA2 register: Default 0xFF, read 0x5404
WARNING:root:  rangeB1 register: Default 0xFF, read 0x5540
WARNING:root:  rangeB2 register: Default 0xFF, read 0x2aaa
WARNING:root:  seq0 register: Default 0x0, read 0x202a
WARNING:root:  seq1 register: Default 0x11, read 0x5555
WARNING:root:  config register: Default 0x0, read 0x5550
INFO:root:     config register: Default 0x0, read 0x0
WARNING:root:  rangeA1 register: Default 0xFF, read 0x0
WARNING:root:  rangeA1 register: Default 0xFF, read 0x0
INFO:root:     chan_sel register: Default 0x0, read 0x0
WARNING:root:  rangeA1 register: Default 0xFF, read 0x0
WARNING:root:  rangeA2 register: Default 0xFF, read 0x0
WARNING:root:  rangeB1 register: Default 0xFF, read 0x0
WARNING:root:  rangeB2 register: Default 0xFF, read 0x0
INFO:root:     seq0 register: Default 0x0, read 0x0
WARNING:root:  seq1 register: Default 0x11, read 0x0
INFO:root:     config register: Default 0x0, read 0x0
INFO:root:     config register: Default 0x0, read 0x0
WARNING:root:  rangeA1 register: Default 0xFF, read 0x0
INFO:root:     chan_sel register: Default 0x0, read 0x0
WARNING:root:  rangeA1 register: Default 0xFF, read 0x0
WARNING:root:  rangeA2 register: Default 0xFF, read 0x0
WARNING:root:  rangeB1 register: Default 0xFF, read 0x0
WARNING:root:  rangeB2 register: Default 0xFF, read 0x0
INFO:root:     seq0 register: Default 0x0, read 0x0
WARNING:root:  seq1 register: Default 0x11, read 0x0
INFO:root:     config register: Default 0x0, read 0x0
